[debug] [2023-11-03T15:36:53.725Z] ----------------------------------------------------------------------
[debug] [2023-11-03T15:36:53.727Z] Command:       C:\Program Files\nodejs\node.exe C:\Users\Naveen Ranasinghe\AppData\Roaming\npm\node_modules\firebase-tools\lib\bin\firebase.js init
[debug] [2023-11-03T15:36:53.727Z] CLI Version:   12.8.0
[debug] [2023-11-03T15:36:53.728Z] Platform:      win32
[debug] [2023-11-03T15:36:53.728Z] Node Version:  v18.16.0
[debug] [2023-11-03T15:36:53.729Z] Time:          Fri Nov 03 2023 21:06:53 GMT+0530 (India Standard Time)
[debug] [2023-11-03T15:36:53.730Z] ----------------------------------------------------------------------
[debug] 
[debug] [2023-11-03T15:36:53.805Z] > command requires scopes: ["email","openid","https://www.googleapis.com/auth/cloudplatformprojects.readonly","https://www.googleapis.com/auth/firebase","https://www.googleapis.com/auth/cloud-platform"]
[debug] [2023-11-03T15:36:53.806Z] > authorizing via signed-in user (naveenranasinghe1235@gmail.com)
[info] 
     ######## #### ########  ######## ########     ###     ######  ########
     ##        ##  ##     ## ##       ##     ##  ##   ##  ##       ##
     ######    ##  ########  ######   ########  #########  ######  ######
     ##        ##  ##    ##  ##       ##     ## ##     ##       ## ##
     ##       #### ##     ## ######## ########  ##     ##  ######  ########

You're about to initialize a Firebase project in this directory:

  D:\UNIVERSITY\Reaserch Project\VR-Mall-Admin-main-version\VR-Mall-Admin-main-version

Before we get started, keep in mind:

  * You are initializing within an existing Firebase project directory

[info] 
=== Project Setup
[info] 
[info] First, let's associate this project directory with a Firebase project.
[info] You can create multiple project aliases by running firebase use --add, 
[info] but for now we'll just set up a default project.
[info] 
[debug] [2023-11-03T15:37:13.852Z] Using project from CLI flag: project-vr-mall
[debug] [2023-11-03T15:37:13.854Z] >>> [apiv2][query] GET https://firebase.googleapis.com/v1beta1/projects/project-vr-mall [none]
[debug] [2023-11-03T15:37:14.815Z] <<< [apiv2][status] GET https://firebase.googleapis.com/v1beta1/projects/project-vr-mall 200
[debug] [2023-11-03T15:37:14.816Z] <<< [apiv2][body] GET https://firebase.googleapis.com/v1beta1/projects/project-vr-mall {"projectId":"project-vr-mall","projectNumber":"650079548346","displayName":"project-vr-mall","name":"projects/project-vr-mall","resources":{"hostingSite":"project-vr-mall","realtimeDatabaseInstance":"project-vr-mall-default-rtdb","storageBucket":"project-vr-mall.appspot.com","locationId":"us-central"},"state":"ACTIVE","etag":"1_4ecabc5c-cc0b-469f-b303-72d5b54d60fd"}
[info] i  Using project project-vr-mall (project-vr-mall) 
[info] 
=== Hosting:github Setup
[info] 
[info] i  Didn't detect a .git folder. Assuming D:\UNIVERSITY\Reaserch Project\VR-Mall-Admin-main-version\VR-Mall-Admin-main-version is the project root. 
[info] i  Authorizing with GitHub to upload your service account to a GitHub repository's secrets store. 
[info] 
[info] Visit this URL on this device to log in:
[info] https://github.com/login/oauth/authorize?client_id=89cf50f02ac6aaed3484&state=402927662&redirect_uri=http%3A%2F%2Flocalhost%3A9005&scope=read%3Auser%20repo%20public_repo
[info] 
[info] Waiting for authentication...
[debug] [2023-11-03T15:37:42.509Z] >>> [apiv2][query] POST https://github.com/login/oauth/access_token [none]
[debug] [2023-11-03T15:37:42.509Z] >>> [apiv2][body] POST https://github.com/login/oauth/access_token [stream]
[debug] [2023-11-03T15:37:43.076Z] <<< [apiv2][status] POST https://github.com/login/oauth/access_token 200
[debug] [2023-11-03T15:37:43.076Z] <<< [apiv2][body] POST https://github.com/login/oauth/access_token {"access_token":"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","token_type":"bearer","scope":"read:user,repo"}
[debug] [2023-11-03T15:37:43.085Z] >>> [apiv2][query] GET https://api.github.com/user [none]
[debug] [2023-11-03T15:37:43.662Z] <<< [apiv2][status] GET https://api.github.com/user 200
[debug] [2023-11-03T15:37:43.662Z] <<< [apiv2][body] GET https://api.github.com/user {"login":"NaveenLapeace","id":88496372,"node_id":"MDQ6VXNlcjg4NDk2Mzcy","avatar_url":"https://avatars.githubusercontent.com/u/88496372?v=4","gravatar_id":"","url":"https://api.github.com/users/NaveenLapeace","html_url":"https://github.com/NaveenLapeace","followers_url":"https://api.github.com/users/NaveenLapeace/followers","following_url":"https://api.github.com/users/NaveenLapeace/following{/other_user}","gists_url":"https://api.github.com/users/NaveenLapeace/gists{/gist_id}","starred_url":"https://api.github.com/users/NaveenLapeace/starred{/owner}{/repo}","subscriptions_url":"https://api.github.com/users/NaveenLapeace/subscriptions","organizations_url":"https://api.github.com/users/NaveenLapeace/orgs","repos_url":"https://api.github.com/users/NaveenLapeace/repos","events_url":"https://api.github.com/users/NaveenLapeace/events{/privacy}","received_events_url":"https://api.github.com/users/NaveenLapeace/received_events","type":"User","site_admin":false,"name":null,"company":null,"blog":"","location":null,"email":null,"hireable":null,"bio":null,"twitter_username":null,"public_repos":1,"public_gists":0,"followers":4,"following":5,"created_at":"2021-08-05T13:40:41Z","updated_at":"2023-09-03T14:35:15Z","private_gists":0,"total_private_repos":1,"owned_private_repos":1,"disk_usage":1,"collaborators":4,"two_factor_authentication":false,"plan":{"name":"free","space":976562499,"collaborators":0,"private_repos":10000}}
[info] 
[info] +  Success! Logged into GitHub as NaveenLapeace 
[info] 
